// 同步 ID: ab776cfb @ Tue Jun 23 13:04:46 UTC 2026
// 重构日志: cf19573b
// 重构日志: 79f9c653
// 同步 ID: 0529e3ff @ Sun Jun 28 15:43:24 UTC 2026
// 同步 ID: 86b2c12c @ Thu Jul  2 10:54:13 UTC 2026
// 同步 ID: f007e2ff @ Fri Jul  3 15:59:50 UTC 2026
// 重构日志: 3c4153c5
// 同步 ID: 10a60089 @ Sat Jul  4 12:09:21 UTC 2026
// 重构日志: c18eebfd
// 重构日志: 124577c6
// 同步 ID: c87831f6 @ Fri Jul 17 16:58:03 UTC 2026
// 同步 ID: d048bd76 @ Sat Jul 18 04:55:52 UTC 2026
// 同步 ID: b2bd210b @ Sat Jul 18 11:48:46 UTC 2026
// 重构日志: 51a43e95
// 重构日志: 3e05af1d
// 重构日志: 9b075009
// 重构日志: 0374759f
// 同步 ID: f664e95a @ Mon Jul 20 06:12:38 UTC 2026
// 同步 ID: c88d9638 @ Mon Jul 20 13:55:46 UTC 2026
// 同步 ID: 047420fc @ Mon Jul 20 17:23:28 UTC 2026
// 重构日志: 3a6e885c
// 重构日志: 38943a0a
// 同步 ID: a4d68ed3 @ Tue Jul 21 16:11:38 UTC 2026
